Determining if the pthread_create exist failed with the following output:
Change Dir: /home/paolo/catkin_ws/src/git/ORB_SLAM2/clustering/build/CMakeFiles/CMakeTmp

Run Build Command:"/usr/bin/make" "cmTC_f0fe3/fast"
/usr/bin/make -f CMakeFiles/cmTC_f0fe3.dir/build.make CMakeFiles/cmTC_f0fe3.dir/build
make[1]: ingresso nella directory "/home/paolo/catkin_ws/src/git/ORB_SLAM2/clustering/build/CMakeFiles/CMakeTmp"
Building C object CMakeFiles/cmTC_f0fe3.dir/CheckSymbolExists.c.o
/usr/bin/cc     -o CMakeFiles/cmTC_f0fe3.dir/CheckSymbolExists.c.o   -c /home/paolo/catkin_ws/src/git/ORB_SLAM2/clustering/build/CMakeFiles/CMakeTmp/CheckSymbolExists.c
Linking C executable cmTC_f0fe3
/usr/bin/cmake -E cmake_link_script CMakeFiles/cmTC_f0fe3.dir/link.txt --verbose=1
/usr/bin/cc       CMakeFiles/cmTC_f0fe3.dir/CheckSymbolExists.c.o  -o cmTC_f0fe3 -rdynamic 
CMakeFiles/cmTC_f0fe3.dir/CheckSymbolExists.c.o: nella funzione "main":
CheckSymbolExists.c:(.text+0x16): riferimento non definito a "pthread_create"
collect2: error: ld returned 1 exit status
CMakeFiles/cmTC_f0fe3.dir/build.make:97: set di istruzioni per l'obiettivo "cmTC_f0fe3" non riuscito
make[1]: *** [cmTC_f0fe3] Errore 1
make[1]: uscita dalla directory "/home/paolo/catkin_ws/src/git/ORB_SLAM2/clustering/build/CMakeFiles/CMakeTmp"
Makefile:126: set di istruzioni per l'obiettivo "cmTC_f0fe3/fast" non riuscito
make: *** [cmTC_f0fe3/fast] Errore 2

File /home/paolo/catkin_ws/src/git/ORB_SLAM2/clustering/build/CMakeFiles/CMakeTmp/CheckSymbolExists.c:
/* */
#include <pthread.h>

int main(int argc, char** argv)
{
  (void)argv;
#ifndef pthread_create
  return ((int*)(&pthread_create))[argc];
#else
  (void)argc;
  return 0;
#endif
}

Determining if the function pthread_create exists in the pthreads failed with the following output:
Change Dir: /home/paolo/catkin_ws/src/git/ORB_SLAM2/clustering/build/CMakeFiles/CMakeTmp

Run Build Command:"/usr/bin/make" "cmTC_d1dac/fast"
/usr/bin/make -f CMakeFiles/cmTC_d1dac.dir/build.make CMakeFiles/cmTC_d1dac.dir/build
make[1]: ingresso nella directory "/home/paolo/catkin_ws/src/git/ORB_SLAM2/clustering/build/CMakeFiles/CMakeTmp"
Building C object CMakeFiles/cmTC_d1dac.dir/CheckFunctionExists.c.o
/usr/bin/cc    -DCHECK_FUNCTION_EXISTS=pthread_create   -o CMakeFiles/cmTC_d1dac.dir/CheckFunctionExists.c.o   -c /usr/share/cmake-3.5/Modules/CheckFunctionExists.c
Linking C executable cmTC_d1dac
/usr/bin/cmake -E cmake_link_script CMakeFiles/cmTC_d1dac.dir/link.txt --verbose=1
/usr/bin/cc   -DCHECK_FUNCTION_EXISTS=pthread_create    CMakeFiles/cmTC_d1dac.dir/CheckFunctionExists.c.o  -o cmTC_d1dac -rdynamic -lpthreads 
/usr/bin/ld: impossibile trovare -lpthreads
collect2: error: ld returned 1 exit status
CMakeFiles/cmTC_d1dac.dir/build.make:97: set di istruzioni per l'obiettivo "cmTC_d1dac" non riuscito
make[1]: *** [cmTC_d1dac] Errore 1
make[1]: uscita dalla directory "/home/paolo/catkin_ws/src/git/ORB_SLAM2/clustering/build/CMakeFiles/CMakeTmp"
Makefile:126: set di istruzioni per l'obiettivo "cmTC_d1dac/fast" non riuscito
make: *** [cmTC_d1dac/fast] Errore 2


